<?xml version="1.0" encoding="UTF-8"?>
<testsuite xmlns:xsi="http://www.w3.org/2001/XMLSchema-instance" xsi:noNamespaceSchemaLocation="https://maven.apache.org/surefire/maven-surefire-plugin/xsd/surefire-test-report.xsd" name="com.orsys.tdd.puissance4.boutenbout.AcceptanceTest" time="2.123" tests="2" errors="0" skipped="0" failures="0">
  <properties>
    <property name="sun.desktop" value="windows"/>
    <property name="awt.toolkit" value="sun.awt.windows.WToolkit"/>
    <property name="file.encoding.pkg" value="sun.io"/>
    <property name="java.specification.version" value="1.8"/>
    <property name="sun.cpu.isalist" value="pentium_pro+mmx pentium_pro pentium+mmx pentium i486 i386 i86"/>
    <property name="sun.jnu.encoding" value="Cp1252"/>
    <property name="java.class.path" value="C:\plateforme-dev4tests-2018\projets\puissance4-websocket\target\test-classes;C:\plateforme-dev4tests-2018\projets\puissance4-websocket\target\classes;C:\plateforme-tests\maven\repository\org\springframework\boot\spring-boot-starter-web\2.0.5.RELEASE\spring-boot-starter-web-2.0.5.RELEASE.jar;C:\plateforme-tests\maven\repository\org\springframework\boot\spring-boot-starter\2.0.5.RELEASE\spring-boot-starter-2.0.5.RELEASE.jar;C:\plateforme-tests\maven\repository\org\springframework\boot\spring-boot\2.0.5.RELEASE\spring-boot-2.0.5.RELEASE.jar;C:\plateforme-tests\maven\repository\org\springframework\boot\spring-boot-autoconfigure\2.0.5.RELEASE\spring-boot-autoconfigure-2.0.5.RELEASE.jar;C:\plateforme-tests\maven\repository\org\springframework\boot\spring-boot-starter-logging\2.0.5.RELEASE\spring-boot-starter-logging-2.0.5.RELEASE.jar;C:\plateforme-tests\maven\repository\ch\qos\logback\logback-classic\1.2.3\logback-classic-1.2.3.jar;C:\plateforme-tests\maven\repository\ch\qos\logback\logback-core\1.2.3\logback-core-1.2.3.jar;C:\plateforme-tests\maven\repository\org\apache\logging\log4j\log4j-to-slf4j\2.10.0\log4j-to-slf4j-2.10.0.jar;C:\plateforme-tests\maven\repository\org\apache\logging\log4j\log4j-api\2.10.0\log4j-api-2.10.0.jar;C:\plateforme-tests\maven\repository\org\slf4j\jul-to-slf4j\1.7.25\jul-to-slf4j-1.7.25.jar;C:\plateforme-tests\maven\repository\javax\annotation\javax.annotation-api\1.3.2\javax.annotation-api-1.3.2.jar;C:\plateforme-tests\maven\repository\org\yaml\snakeyaml\1.19\snakeyaml-1.19.jar;C:\plateforme-tests\maven\repository\org\springframework\boot\spring-boot-starter-json\2.0.5.RELEASE\spring-boot-starter-json-2.0.5.RELEASE.jar;C:\plateforme-tests\maven\repository\com\fasterxml\jackson\datatype\jackson-datatype-jdk8\2.9.6\jackson-datatype-jdk8-2.9.6.jar;C:\plateforme-tests\maven\repository\com\fasterxml\jackson\datatype\jackson-datatype-jsr310\2.9.6\jackson-datatype-jsr310-2.9.6.jar;C:\plateforme-tests\maven\repository\com\fasterxml\jackson\module\jackson-module-parameter-names\2.9.6\jackson-module-parameter-names-2.9.6.jar;C:\plateforme-tests\maven\repository\org\springframework\boot\spring-boot-starter-tomcat\2.0.5.RELEASE\spring-boot-starter-tomcat-2.0.5.RELEASE.jar;C:\plateforme-tests\maven\repository\org\apache\tomcat\embed\tomcat-embed-core\8.5.34\tomcat-embed-core-8.5.34.jar;C:\plateforme-tests\maven\repository\org\apache\tomcat\embed\tomcat-embed-el\8.5.34\tomcat-embed-el-8.5.34.jar;C:\plateforme-tests\maven\repository\org\apache\tomcat\embed\tomcat-embed-websocket\8.5.34\tomcat-embed-websocket-8.5.34.jar;C:\plateforme-tests\maven\repository\org\hibernate\validator\hibernate-validator\6.0.12.Final\hibernate-validator-6.0.12.Final.jar;C:\plateforme-tests\maven\repository\javax\validation\validation-api\2.0.1.Final\validation-api-2.0.1.Final.jar;C:\plateforme-tests\maven\repository\org\jboss\logging\jboss-logging\3.3.2.Final\jboss-logging-3.3.2.Final.jar;C:\plateforme-tests\maven\repository\com\fasterxml\classmate\1.3.4\classmate-1.3.4.jar;C:\plateforme-tests\maven\repository\org\springframework\spring-webmvc\5.0.9.RELEASE\spring-webmvc-5.0.9.RELEASE.jar;C:\plateforme-tests\maven\repository\org\springframework\spring-aop\5.0.9.RELEASE\spring-aop-5.0.9.RELEASE.jar;C:\plateforme-tests\maven\repository\org\springframework\spring-expression\5.0.9.RELEASE\spring-expression-5.0.9.RELEASE.jar;C:\plateforme-tests\maven\repository\org\springframework\boot\spring-boot-starter-test\2.0.5.RELEASE\spring-boot-starter-test-2.0.5.RELEASE.jar;C:\plateforme-tests\maven\repository\org\springframework\boot\spring-boot-test\2.0.5.RELEASE\spring-boot-test-2.0.5.RELEASE.jar;C:\plateforme-tests\maven\repository\org\springframework\boot\spring-boot-test-autoconfigure\2.0.5.RELEASE\spring-boot-test-autoconfigure-2.0.5.RELEASE.jar;C:\plateforme-tests\maven\repository\org\assertj\assertj-core\3.9.1\assertj-core-3.9.1.jar;C:\plateforme-tests\maven\repository\org\mockito\mockito-core\2.15.0\mockito-core-2.15.0.jar;C:\plateforme-tests\maven\repository\net\bytebuddy\byte-buddy\1.7.11\byte-buddy-1.7.11.jar;C:\plateforme-tests\maven\repository\net\bytebuddy\byte-buddy-agent\1.7.11\byte-buddy-agent-1.7.11.jar;C:\plateforme-tests\maven\repository\org\hamcrest\hamcrest-core\1.3\hamcrest-core-1.3.jar;C:\plateforme-tests\maven\repository\org\hamcrest\hamcrest-library\1.3\hamcrest-library-1.3.jar;C:\plateforme-tests\maven\repository\org\skyscreamer\jsonassert\1.5.0\jsonassert-1.5.0.jar;C:\plateforme-tests\maven\repository\com\vaadin\external\google\android-json\0.0.20131108.vaadin1\android-json-0.0.20131108.vaadin1.jar;C:\plateforme-tests\maven\repository\org\springframework\spring-core\5.0.9.RELEASE\spring-core-5.0.9.RELEASE.jar;C:\plateforme-tests\maven\repository\org\springframework\spring-jcl\5.0.9.RELEASE\spring-jcl-5.0.9.RELEASE.jar;C:\plateforme-tests\maven\repository\org\springframework\spring-test\5.0.9.RELEASE\spring-test-5.0.9.RELEASE.jar;C:\plateforme-tests\maven\repository\org\xmlunit\xmlunit-core\2.5.1\xmlunit-core-2.5.1.jar;C:\plateforme-tests\maven\repository\com\jayway\jsonpath\json-path\2.4.0\json-path-2.4.0.jar;C:\plateforme-tests\maven\repository\net\minidev\json-smart\2.3\json-smart-2.3.jar;C:\plateforme-tests\maven\repository\net\minidev\accessors-smart\1.2\accessors-smart-1.2.jar;C:\plateforme-tests\maven\repository\org\ow2\asm\asm\5.0.4\asm-5.0.4.jar;C:\plateforme-tests\maven\repository\org\slf4j\slf4j-api\1.7.25\slf4j-api-1.7.25.jar;C:\plateforme-tests\maven\repository\org\springframework\spring-web\5.0.9.RELEASE\spring-web-5.0.9.RELEASE.jar;C:\plateforme-tests\maven\repository\org\springframework\spring-beans\5.0.9.RELEASE\spring-beans-5.0.9.RELEASE.jar;C:\plateforme-tests\maven\repository\com\fasterxml\jackson\core\jackson-databind\2.9.6\jackson-databind-2.9.6.jar;C:\plateforme-tests\maven\repository\com\fasterxml\jackson\core\jackson-annotations\2.9.0\jackson-annotations-2.9.0.jar;C:\plateforme-tests\maven\repository\com\fasterxml\jackson\core\jackson-core\2.9.6\jackson-core-2.9.6.jar;C:\plateforme-tests\maven\repository\org\springframework\spring-websocket\5.0.9.RELEASE\spring-websocket-5.0.9.RELEASE.jar;C:\plateforme-tests\maven\repository\org\springframework\spring-context\5.0.9.RELEASE\spring-context-5.0.9.RELEASE.jar;C:\plateforme-tests\maven\repository\org\assertj\assertj-swing-junit\3.8.0\assertj-swing-junit-3.8.0.jar;C:\plateforme-tests\maven\repository\org\assertj\assertj-swing\3.8.0\assertj-swing-3.8.0.jar;C:\plateforme-tests\maven\repository\org\easytesting\fest-util\1.2.5\fest-util-1.2.5.jar;C:\plateforme-tests\maven\repository\org\easytesting\fest-reflect\1.4.1\fest-reflect-1.4.1.jar;C:\plateforme-tests\maven\repository\junit\junit\4.12\junit-4.12.jar;C:\plateforme-tests\maven\repository\org\awaitility\awaitility\3.1.2\awaitility-3.1.2.jar;C:\plateforme-tests\maven\repository\org\objenesis\objenesis\2.6\objenesis-2.6.jar;C:\plateforme-tests\maven\repository\org\hamcrest\hamcrest-all\1.3\hamcrest-all-1.3.jar;"/>
    <property name="java.vm.vendor" value="Oracle Corporation"/>
    <property name="sun.arch.data.model" value="32"/>
    <property name="user.variant" value=""/>
    <property name="java.vendor.url" value="http://java.oracle.com/"/>
    <property name="user.timezone" value="Europe/Paris"/>
    <property name="java.vm.specification.version" value="1.8"/>
    <property name="os.name" value="Windows 10"/>
    <property name="user.country" value="FR"/>
    <property name="sun.java.launcher" value="SUN_STANDARD"/>
    <property name="sun.boot.library.path" value="C:\plateforme-tests\jdk1.8.0_131\jre\bin"/>
    <property name="sun.java.command" value="C:\Users\OLIVI_~1\AppData\Local\Temp\surefire8408835313286016431\surefirebooter7599349050391659068.jar C:\Users\olivi_000\AppData\Local\Temp\surefire8408835313286016431 2018-10-02T23-27-17_983-jvmRun1 surefire5363190644421803676tmp surefire_01932594799637390579tmp"/>
    <property name="surefire.test.class.path" value="C:\plateforme-dev4tests-2018\projets\puissance4-websocket\target\test-classes;C:\plateforme-dev4tests-2018\projets\puissance4-websocket\target\classes;C:\plateforme-tests\maven\repository\org\springframework\boot\spring-boot-starter-web\2.0.5.RELEASE\spring-boot-starter-web-2.0.5.RELEASE.jar;C:\plateforme-tests\maven\repository\org\springframework\boot\spring-boot-starter\2.0.5.RELEASE\spring-boot-starter-2.0.5.RELEASE.jar;C:\plateforme-tests\maven\repository\org\springframework\boot\spring-boot\2.0.5.RELEASE\spring-boot-2.0.5.RELEASE.jar;C:\plateforme-tests\maven\repository\org\springframework\boot\spring-boot-autoconfigure\2.0.5.RELEASE\spring-boot-autoconfigure-2.0.5.RELEASE.jar;C:\plateforme-tests\maven\repository\org\springframework\boot\spring-boot-starter-logging\2.0.5.RELEASE\spring-boot-starter-logging-2.0.5.RELEASE.jar;C:\plateforme-tests\maven\repository\ch\qos\logback\logback-classic\1.2.3\logback-classic-1.2.3.jar;C:\plateforme-tests\maven\repository\ch\qos\logback\logback-core\1.2.3\logback-core-1.2.3.jar;C:\plateforme-tests\maven\repository\org\apache\logging\log4j\log4j-to-slf4j\2.10.0\log4j-to-slf4j-2.10.0.jar;C:\plateforme-tests\maven\repository\org\apache\logging\log4j\log4j-api\2.10.0\log4j-api-2.10.0.jar;C:\plateforme-tests\maven\repository\org\slf4j\jul-to-slf4j\1.7.25\jul-to-slf4j-1.7.25.jar;C:\plateforme-tests\maven\repository\javax\annotation\javax.annotation-api\1.3.2\javax.annotation-api-1.3.2.jar;C:\plateforme-tests\maven\repository\org\yaml\snakeyaml\1.19\snakeyaml-1.19.jar;C:\plateforme-tests\maven\repository\org\springframework\boot\spring-boot-starter-json\2.0.5.RELEASE\spring-boot-starter-json-2.0.5.RELEASE.jar;C:\plateforme-tests\maven\repository\com\fasterxml\jackson\datatype\jackson-datatype-jdk8\2.9.6\jackson-datatype-jdk8-2.9.6.jar;C:\plateforme-tests\maven\repository\com\fasterxml\jackson\datatype\jackson-datatype-jsr310\2.9.6\jackson-datatype-jsr310-2.9.6.jar;C:\plateforme-tests\maven\repository\com\fasterxml\jackson\module\jackson-module-parameter-names\2.9.6\jackson-module-parameter-names-2.9.6.jar;C:\plateforme-tests\maven\repository\org\springframework\boot\spring-boot-starter-tomcat\2.0.5.RELEASE\spring-boot-starter-tomcat-2.0.5.RELEASE.jar;C:\plateforme-tests\maven\repository\org\apache\tomcat\embed\tomcat-embed-core\8.5.34\tomcat-embed-core-8.5.34.jar;C:\plateforme-tests\maven\repository\org\apache\tomcat\embed\tomcat-embed-el\8.5.34\tomcat-embed-el-8.5.34.jar;C:\plateforme-tests\maven\repository\org\apache\tomcat\embed\tomcat-embed-websocket\8.5.34\tomcat-embed-websocket-8.5.34.jar;C:\plateforme-tests\maven\repository\org\hibernate\validator\hibernate-validator\6.0.12.Final\hibernate-validator-6.0.12.Final.jar;C:\plateforme-tests\maven\repository\javax\validation\validation-api\2.0.1.Final\validation-api-2.0.1.Final.jar;C:\plateforme-tests\maven\repository\org\jboss\logging\jboss-logging\3.3.2.Final\jboss-logging-3.3.2.Final.jar;C:\plateforme-tests\maven\repository\com\fasterxml\classmate\1.3.4\classmate-1.3.4.jar;C:\plateforme-tests\maven\repository\org\springframework\spring-webmvc\5.0.9.RELEASE\spring-webmvc-5.0.9.RELEASE.jar;C:\plateforme-tests\maven\repository\org\springframework\spring-aop\5.0.9.RELEASE\spring-aop-5.0.9.RELEASE.jar;C:\plateforme-tests\maven\repository\org\springframework\spring-expression\5.0.9.RELEASE\spring-expression-5.0.9.RELEASE.jar;C:\plateforme-tests\maven\repository\org\springframework\boot\spring-boot-starter-test\2.0.5.RELEASE\spring-boot-starter-test-2.0.5.RELEASE.jar;C:\plateforme-tests\maven\repository\org\springframework\boot\spring-boot-test\2.0.5.RELEASE\spring-boot-test-2.0.5.RELEASE.jar;C:\plateforme-tests\maven\repository\org\springframework\boot\spring-boot-test-autoconfigure\2.0.5.RELEASE\spring-boot-test-autoconfigure-2.0.5.RELEASE.jar;C:\plateforme-tests\maven\repository\org\assertj\assertj-core\3.9.1\assertj-core-3.9.1.jar;C:\plateforme-tests\maven\repository\org\mockito\mockito-core\2.15.0\mockito-core-2.15.0.jar;C:\plateforme-tests\maven\repository\net\bytebuddy\byte-buddy\1.7.11\byte-buddy-1.7.11.jar;C:\plateforme-tests\maven\repository\net\bytebuddy\byte-buddy-agent\1.7.11\byte-buddy-agent-1.7.11.jar;C:\plateforme-tests\maven\repository\org\hamcrest\hamcrest-core\1.3\hamcrest-core-1.3.jar;C:\plateforme-tests\maven\repository\org\hamcrest\hamcrest-library\1.3\hamcrest-library-1.3.jar;C:\plateforme-tests\maven\repository\org\skyscreamer\jsonassert\1.5.0\jsonassert-1.5.0.jar;C:\plateforme-tests\maven\repository\com\vaadin\external\google\android-json\0.0.20131108.vaadin1\android-json-0.0.20131108.vaadin1.jar;C:\plateforme-tests\maven\repository\org\springframework\spring-core\5.0.9.RELEASE\spring-core-5.0.9.RELEASE.jar;C:\plateforme-tests\maven\repository\org\springframework\spring-jcl\5.0.9.RELEASE\spring-jcl-5.0.9.RELEASE.jar;C:\plateforme-tests\maven\repository\org\springframework\spring-test\5.0.9.RELEASE\spring-test-5.0.9.RELEASE.jar;C:\plateforme-tests\maven\repository\org\xmlunit\xmlunit-core\2.5.1\xmlunit-core-2.5.1.jar;C:\plateforme-tests\maven\repository\com\jayway\jsonpath\json-path\2.4.0\json-path-2.4.0.jar;C:\plateforme-tests\maven\repository\net\minidev\json-smart\2.3\json-smart-2.3.jar;C:\plateforme-tests\maven\repository\net\minidev\accessors-smart\1.2\accessors-smart-1.2.jar;C:\plateforme-tests\maven\repository\org\ow2\asm\asm\5.0.4\asm-5.0.4.jar;C:\plateforme-tests\maven\repository\org\slf4j\slf4j-api\1.7.25\slf4j-api-1.7.25.jar;C:\plateforme-tests\maven\repository\org\springframework\spring-web\5.0.9.RELEASE\spring-web-5.0.9.RELEASE.jar;C:\plateforme-tests\maven\repository\org\springframework\spring-beans\5.0.9.RELEASE\spring-beans-5.0.9.RELEASE.jar;C:\plateforme-tests\maven\repository\com\fasterxml\jackson\core\jackson-databind\2.9.6\jackson-databind-2.9.6.jar;C:\plateforme-tests\maven\repository\com\fasterxml\jackson\core\jackson-annotations\2.9.0\jackson-annotations-2.9.0.jar;C:\plateforme-tests\maven\repository\com\fasterxml\jackson\core\jackson-core\2.9.6\jackson-core-2.9.6.jar;C:\plateforme-tests\maven\repository\org\springframework\spring-websocket\5.0.9.RELEASE\spring-websocket-5.0.9.RELEASE.jar;C:\plateforme-tests\maven\repository\org\springframework\spring-context\5.0.9.RELEASE\spring-context-5.0.9.RELEASE.jar;C:\plateforme-tests\maven\repository\org\assertj\assertj-swing-junit\3.8.0\assertj-swing-junit-3.8.0.jar;C:\plateforme-tests\maven\repository\org\assertj\assertj-swing\3.8.0\assertj-swing-3.8.0.jar;C:\plateforme-tests\maven\repository\org\easytesting\fest-util\1.2.5\fest-util-1.2.5.jar;C:\plateforme-tests\maven\repository\org\easytesting\fest-reflect\1.4.1\fest-reflect-1.4.1.jar;C:\plateforme-tests\maven\repository\junit\junit\4.12\junit-4.12.jar;C:\plateforme-tests\maven\repository\org\awaitility\awaitility\3.1.2\awaitility-3.1.2.jar;C:\plateforme-tests\maven\repository\org\objenesis\objenesis\2.6\objenesis-2.6.jar;C:\plateforme-tests\maven\repository\org\hamcrest\hamcrest-all\1.3\hamcrest-all-1.3.jar;"/>
    <property name="sun.cpu.endian" value="little"/>
    <property name="user.home" value="C:\Users\olivi_000"/>
    <property name="user.language" value="fr"/>
    <property name="java.specification.vendor" value="Oracle Corporation"/>
    <property name="java.home" value="C:\plateforme-tests\jdk1.8.0_131\jre"/>
    <property name="basedir" value="C:\plateforme-dev4tests-2018\projets\puissance4-websocket"/>
    <property name="file.separator" value="\"/>
    <property name="line.separator" value="&#10;"/>
    <property name="java.vm.specification.vendor" value="Oracle Corporation"/>
    <property name="java.specification.name" value="Java Platform API Specification"/>
    <property name="java.awt.graphicsenv" value="sun.awt.Win32GraphicsEnvironment"/>
    <property name="surefire.real.class.path" value="C:\Users\OLIVI_~1\AppData\Local\Temp\surefire8408835313286016431\surefirebooter7599349050391659068.jar"/>
    <property name="sun.boot.class.path" value="C:\plateforme-tests\jdk1.8.0_131\jre\lib\resources.jar;C:\plateforme-tests\jdk1.8.0_131\jre\lib\rt.jar;C:\plateforme-tests\jdk1.8.0_131\jre\lib\sunrsasign.jar;C:\plateforme-tests\jdk1.8.0_131\jre\lib\jsse.jar;C:\plateforme-tests\jdk1.8.0_131\jre\lib\jce.jar;C:\plateforme-tests\jdk1.8.0_131\jre\lib\charsets.jar;C:\plateforme-tests\jdk1.8.0_131\jre\lib\jfr.jar;C:\plateforme-tests\jdk1.8.0_131\jre\classes"/>
    <property name="user.script" value=""/>
    <property name="sun.management.compiler" value="HotSpot Client Compiler"/>
    <property name="java.runtime.version" value="1.8.0_131-b11"/>
    <property name="user.name" value="olivi_000"/>
    <property name="path.separator" value=";"/>
    <property name="os.version" value="10.0"/>
    <property name="java.endorsed.dirs" value="C:\plateforme-tests\jdk1.8.0_131\jre\lib\endorsed"/>
    <property name="java.runtime.name" value="Java(TM) SE Runtime Environment"/>
    <property name="file.encoding" value="Cp1252"/>
    <property name="java.vm.name" value="Java HotSpot(TM) Client VM"/>
    <property name="localRepository" value="C:\plateforme-tests\maven\repository"/>
    <property name="java.vendor.url.bug" value="http://bugreport.sun.com/bugreport/"/>
    <property name="java.io.tmpdir" value="C:\Users\OLIVI_~1\AppData\Local\Temp\"/>
    <property name="java.version" value="1.8.0_131"/>
    <property name="user.dir" value="C:\plateforme-dev4tests-2018\projets\puissance4-websocket"/>
    <property name="os.arch" value="x86"/>
    <property name="java.vm.specification.name" value="Java Virtual Machine Specification"/>
    <property name="java.awt.printerjob" value="sun.awt.windows.WPrinterJob"/>
    <property name="sun.os.patch.level" value=""/>
    <property name="java.library.path" value="C:\plateforme-tests\jdk1.8.0_131\jre\bin;C:\WINDOWS\Sun\Java\bin;C:\WINDOWS\system32;C:\WINDOWS;C:/plateforme-dev4tests-2018/jre8/bin/server;C:/plateforme-dev4tests-2018/jre8/bin;C:/plateforme-dev4tests-2018/jre8/lib/amd64;C:\plateforme-dev4tests-2018\jre8\bin;C:/plateforme-dev4tests-2018/jdk8\bin;C:/plateforme-dev4tests-2018/apache-maven-3.5.3\bin;C:/plateforme-dev4tests-2018/sonarqube-6.7.3\bin\windows-x86-64;C:/plateforme-dev4tests-2018/sonar-scanner-3.1.0\bin;C:/plateforme-dev4tests-2018/portable-git\bin;c:\Python27\Scripts;c:\Python27;c:\curl;C:\Program Files\Java\jdk1.8.0_144\bin;C:\apache-ant-1.10.3\bin;C:\Python 3.5\Scripts\;C:\Python 3.5\;C:\python3.5;C:\Program Files\IBM\ILOG\CPLEX_Studio_Community127\opl\bin\x64_win64;C:\Program Files\IBM\ILOG\CPLEX_Studio_Community127\opl\oplide\;C:\Program Files\IBM\ILOG\CPLEX_Studio_Community127\cplex\bin\x64_win64;C:\Program Files\IBM\ILOG\CPLEX_Studio_Community127\cpoptimizer\bin\x64_win64;C:\ProgramData\Oracle\Java\javapath;C:\Program Files\NetBeans 8.2\java\maven\bin;C:\Python34\;c:\casperjs\batchbin;C:\plateforme-tests\php;C:\WINDOWS\system32;C:\WINDOWS;C:\WINDOWS\System32\Wbem;C:\WINDOWS\System32\WindowsPowerShell\v1.0\;C:\WINDOWS\system32\config\systemprofile\.dnx\bin;C:\Program Files\Microsoft DNX\Dnvm\;c:\cygwin64\bin;C:\Program Files (x86)\GtkSharp\2.12\bin;C:\Windows\Microsoft.NET\Framework64\v4.0.30319;C:\sonar-scanner-2.6.1\sonar-scanner-2.6.1\bin;C:\phantomjs-2.1.1-windows\phantomjs-2.1.1-windows\bin;C:\Python34\Scripts;C:\Program Files (x86)\Git\cmd;C:\Program Files (x86)\Yarn\bin;C:\WINDOWS\System32\OpenSSH\;C:\nodejs\;C:\Users\olivi_000\AppData\Local\Microsoft\WindowsApps;C:\Users\olivi_000\AppData\Local\Yarn\bin;C:\Users\olivi_000\AppData\Roaming\npm;C:\plateforme-dev4tests-2018\eclipse;;."/>
    <property name="java.vm.info" value="mixed mode"/>
    <property name="java.vendor" value="Oracle Corporation"/>
    <property name="java.vm.version" value="25.131-b11"/>
    <property name="java.ext.dirs" value="C:\plateforme-tests\jdk1.8.0_131\jre\lib\ext;C:\WINDOWS\Sun\Java\lib\ext"/>
    <property name="sun.io.unicode.encoding" value="UnicodeLittle"/>
    <property name="java.class.version" value="52.0"/>
  </properties>
  <testcase name="test01_ConnexionDeconnexionPremierJoueur" classname="com.orsys.tdd.puissance4.boutenbout.AcceptanceTest" time="1.587"/>
  <testcase name="test02_AffichagePlateauVidePremierJoueurEtAttenteDeuxiemeJoueur" classname="com.orsys.tdd.puissance4.boutenbout.AcceptanceTest" time="0.535"/>
</testsuite>